0 info it worked if it ends with ok
1 verbose cli [ '/Users/danielmackie/Documents/workspace-sts-3.5.0.RELEASE/mochi/fe/node/node',
1 verbose cli   '/Users/danielmackie/Documents/workspace-sts-3.5.0.RELEASE/mochi/fe/node/node_modules/npm/bin/npm-cli.js',
1 verbose cli   'install',
1 verbose cli   '--color=false' ]
2 info using npm@2.15.9
3 info using node@v4.6.0
4 verbose readDependencies loading dependencies from /Users/danielmackie/Documents/workspace-sts-3.5.0.RELEASE/mochi/fe/package.json
5 error install Couldn't read dependencies
6 verbose stack Error: ENOENT: no such file or directory, open '/Users/danielmackie/Documents/workspace-sts-3.5.0.RELEASE/mochi/fe/package.json'
6 verbose stack     at Error (native)
7 verbose cwd /Users/danielmackie/Documents/workspace-sts-3.5.0.RELEASE/mochi/fe
8 error Darwin 15.5.0
9 error argv "/Users/danielmackie/Documents/workspace-sts-3.5.0.RELEASE/mochi/fe/node/node" "/Users/danielmackie/Documents/workspace-sts-3.5.0.RELEASE/mochi/fe/node/node_modules/npm/bin/npm-cli.js" "install" "--color=false"
10 error node v4.6.0
11 error npm  v2.15.9
12 error path /Users/danielmackie/Documents/workspace-sts-3.5.0.RELEASE/mochi/fe/package.json
13 error code ENOPACKAGEJSON
14 error errno -2
15 error syscall open
16 error package.json ENOENT: no such file or directory, open '/Users/danielmackie/Documents/workspace-sts-3.5.0.RELEASE/mochi/fe/package.json'
16 error package.json This is most likely not a problem with npm itself.
16 error package.json npm can't find a package.json file in your current directory.
17 verbose exit [ -2, true ]
